<?xml version="1.0" encoding="UTF-8"?>
<!-- Generated by org.testng.reporters.JUnitReportReporter -->
<testsuite hostname="LAPTOP-T1V1CBN5" failures="0" tests="1" name="MyTestCases1" time="4.057" errors="0" timestamp="2024-12-22T20:25:32 AST" skipped="0">
  <testcase classname="MyTestCases1" name="myFirstTest" time="4.057"/>
  <system-out/>
</testsuite> <!-- MyTestCases1 -->
